# configure exec: ./configure --prefix=/Users/rohankumar/PycharmProjects/StreamingAnalytics/myapp/node_modules/node-rdkafka/build/deps --libdir=/Users/rohankumar/PycharmProjects/StreamingAnalytics/myapp/node_modules/node-rdkafka/build/deps --prefix=/Users/rohankumar/PycharmProjects/StreamingAnalytics/myapp/node_modules/node-rdkafka/build/deps --libdir=/Users/rohankumar/PycharmProjects/StreamingAnalytics/myapp/node_modules/node-rdkafka/build/deps
# On Tue Nov 24 17:21:08 CET 2020
DBG 39708: Setting distro (distro) status to ok (action ignore)
DBG 39708: ccenv: WITH_CC:  --version failed: mklove/modules/configure.base: line 1711: --version: command not found
DBG 39708: Setting ccenv (ccenv) status to failed (action cont)
DBG 39708: Check ccenv (WITH_CC, action cont (originally cont)) failed: command ' --version' failed:
mklove/modules/configure.base: line 1711: --version: command not found
DBG 39708: Setting gcc (gcc) status to ok (action cont)
DBG 39708: cxxenv: WITH_CXX:  --version failed: mklove/modules/configure.base: line 1711: --version: command not found
DBG 39708: Setting cxxenv (cxxenv) status to failed (action cont)
DBG 39708: Check cxxenv (WITH_CXX, action cont (originally cont)) failed: command ' --version' failed:
mklove/modules/configure.base: line 1711: --version: command not found
DBG 39708: Setting gxx (gxx) status to ok (action cont)
DBG 39708: Setting ld (ld) status to ok (action disable)
DBG 39708: Setting nm (nm) status to ok (action disable)
DBG 39708: Setting objdump (objdump) status to ok (action disable)
DBG 39708: Setting strip (strip) status to ok (action disable)
DBG 39708: Compile check cc_g_dwarf () (sub=0): gcc   -Wall -Werror _mkltmp9eJZIw.c -o _mkltmp9eJZIw.c.o  -L/Users/rohankumar/PycharmProjects/StreamingAnalytics/myapp/node_modules/node-rdkafka/build/deps -gstrict-dwarf
DBG 39708: Setting cc_g_dwarf (cc_g_dwarf) status to ok (action cont)
DBG 39708: Setting pkgconfig (pkgconfig) status to ok (action cont)
DBG 39708: install: WITH_INSTALL: install --version failed: install: illegal option -- -
usage: install [-bCcpSsv] [-B suffix] [-f flags] [-g group] [-m mode]
               [-o owner] file1 file2
       install [-bCcpSsv] [-B suffix] [-f flags] [-g group] [-m mode]
               [-o owner] file1 ... fileN directory
       install -d [-v] [-g group] [-m mode] [-o owner] directory ...
DBG 39708: Setting install (install) status to failed (action cont)
DBG 39708: Check install (WITH_INSTALL, action cont (originally cont)) failed: command 'install --version' failed:
install: illegal option -- -
usage: install [-bCcpSsv] [-B suffix] [-f flags] [-g group] [-m mode]
               [-o owner] file1 file2
       install [-bCcpSsv] [-B suffix] [-f flags] [-g group] [-m mode]
               [-o owner] file1 ... fileN directory
       install -d [-v] [-g group] [-m mode] [-o owner] directory ...
DBG 39708: Compile check PIC (HAVE_PIC) (sub=0): gcc  -gstrict-dwarf -O2 -Wall -Werror _mkltmpHSKuda.c -o _mkltmpHSKuda.c.o  -L/Users/rohankumar/PycharmProjects/StreamingAnalytics/myapp/node_modules/node-rdkafka/build/deps -fPIC
DBG 39708: Setting PIC (PIC) status to ok (action disable)
DBG 39708: Compile check gnulib (WITH_GNULD) (sub=0): gcc  -gstrict-dwarf -O2 -fPIC -Wall -Werror _mkltmp1LRv7j.c -o _mkltmp1LRv7j.c.o  -L/Users/rohankumar/PycharmProjects/StreamingAnalytics/myapp/node_modules/node-rdkafka/build/deps -shared -Wl,-soname,mkltest.0
DBG 39708: compile check for gnulib (WITH_GNULD) failed: gcc  -gstrict-dwarf -O2 -fPIC -Wall -Werror _mkltmp1LRv7j.c -o _mkltmp1LRv7j.c.o  -L/Users/rohankumar/PycharmProjects/StreamingAnalytics/myapp/node_modules/node-rdkafka/build/deps -shared -Wl,-soname,mkltest.0: ld: unknown option: -soname
clang: error: linker command failed with exit code 1 (use -v to see invocation)
DBG 39708: Setting gnulib (gnulib) status to failed (action cont)
DBG 39708: Check gnulib (WITH_GNULD, action cont (originally cont)) failed: compile check failed:
CC: CC
flags: -shared -Wl,-soname,mkltest.0
gcc  -gstrict-dwarf -O2 -fPIC -Wall -Werror _mkltmp1LRv7j.c -o _mkltmp1LRv7j.c.o  -L/Users/rohankumar/PycharmProjects/StreamingAnalytics/myapp/node_modules/node-rdkafka/build/deps -shared -Wl,-soname,mkltest.0:
ld: unknown option: -soname
clang: error: linker command failed with exit code 1 (use -v to see invocation)
source: 
DBG 39708: Compile check osxlib (WITH_OSXLD) (sub=0): gcc  -gstrict-dwarf -O2 -fPIC -Wall -Werror _mkltmpY6NJQS.c -o _mkltmpY6NJQS.c.o  -L/Users/rohankumar/PycharmProjects/StreamingAnalytics/myapp/node_modules/node-rdkafka/build/deps -dynamiclib -Wl,-install_name,/tmp/mkltest.so.0
DBG 39708: Setting osxlib (osxlib) status to ok (action cont)
DBG 39708: Compile check ldsflagvs () (sub=0): gcc  -gstrict-dwarf -O2 -fPIC -Wall -Werror _mkltmpRkkPdg.c -o _mkltmpRkkPdg.c.o  -L/Users/rohankumar/PycharmProjects/StreamingAnalytics/myapp/node_modules/node-rdkafka/build/deps -shared -Wl,--version-script=_mkltmp8giUY4
DBG 39708: compile check for ldsflagvs () failed: gcc  -gstrict-dwarf -O2 -fPIC -Wall -Werror _mkltmpRkkPdg.c -o _mkltmpRkkPdg.c.o  -L/Users/rohankumar/PycharmProjects/StreamingAnalytics/myapp/node_modules/node-rdkafka/build/deps -shared -Wl,--version-script=_mkltmp8giUY4: ld: unknown option: --version-script=_mkltmp8giUY4
clang: error: linker command failed with exit code 1 (use -v to see invocation)
DBG 39708: Setting ldsflagvs (ldsflagvs) status to failed (action cont)
DBG 39708: Check ldsflagvs (, action cont (originally cont)) failed: compile check failed:
CC: CC
flags: -shared -Wl,--version-script=_mkltmp8giUY4
gcc  -gstrict-dwarf -O2 -fPIC -Wall -Werror _mkltmpRkkPdg.c -o _mkltmpRkkPdg.c.o  -L/Users/rohankumar/PycharmProjects/StreamingAnalytics/myapp/node_modules/node-rdkafka/build/deps -shared -Wl,--version-script=_mkltmp8giUY4:
ld: unknown option: --version-script=_mkltmp8giUY4
clang: error: linker command failed with exit code 1 (use -v to see invocation)
source: 
DBG 39708: Compile check ldsflagm () (sub=0): gcc  -gstrict-dwarf -O2 -fPIC -Wall -Werror _mkltmpqoWflQ.c -o _mkltmpqoWflQ.c.o  -L/Users/rohankumar/PycharmProjects/StreamingAnalytics/myapp/node_modules/node-rdkafka/build/deps -shared -Wl,-M_mkltmp8giUY4
DBG 39708: compile check for ldsflagm () failed: gcc  -gstrict-dwarf -O2 -fPIC -Wall -Werror _mkltmpqoWflQ.c -o _mkltmpqoWflQ.c.o  -L/Users/rohankumar/PycharmProjects/StreamingAnalytics/myapp/node_modules/node-rdkafka/build/deps -shared -Wl,-M_mkltmp8giUY4: ld: unknown option: -M_mkltmp8giUY4
clang: error: linker command failed with exit code 1 (use -v to see invocation)
DBG 39708: Setting ldsflagm (ldsflagm) status to failed (action ignore)
DBG 39708: Check ldsflagm (, action ignore (originally ignore)) failed: compile check failed:
CC: CC
flags: -shared -Wl,-M_mkltmp8giUY4
gcc  -gstrict-dwarf -O2 -fPIC -Wall -Werror _mkltmpqoWflQ.c -o _mkltmpqoWflQ.c.o  -L/Users/rohankumar/PycharmProjects/StreamingAnalytics/myapp/node_modules/node-rdkafka/build/deps -shared -Wl,-M_mkltmp8giUY4:
ld: unknown option: -M_mkltmp8giUY4
clang: error: linker command failed with exit code 1 (use -v to see invocation)
source: 
DBG 39708: Compile check __atomic_32 (HAVE_ATOMICS_32) (sub=0): gcc  -gstrict-dwarf -O2 -fPIC -Wall -Werror _mkltmpWaAQDl.c -o _mkltmpWaAQDl.c.o  -L/Users/rohankumar/PycharmProjects/StreamingAnalytics/myapp/node_modules/node-rdkafka/build/deps 
DBG 39708: Setting __atomic_32 (__atomic_32) status to ok (action cont)
DBG 39708: Compile check __atomic_64 (HAVE_ATOMICS_64) (sub=0): gcc  -gstrict-dwarf -O2 -fPIC -Wall -Werror _mkltmp8G875T.c -o _mkltmp8G875T.c.o  -L/Users/rohankumar/PycharmProjects/StreamingAnalytics/myapp/node_modules/node-rdkafka/build/deps 
DBG 39708: Setting __atomic_64 (__atomic_64) status to ok (action cont)
DBG 39708: Compile check socket () (sub=0): gcc  -gstrict-dwarf -O2 -fPIC -Wall -Wsign-compare -Wfloat-equal -Wpointer-arith -Wcast-align -Wall -Werror _mkltmprrL0D9.c -o _mkltmprrL0D9.c.o  -L/Users/rohankumar/PycharmProjects/StreamingAnalytics/myapp/node_modules/node-rdkafka/build/deps 
DBG 39708: Setting socket (socket) status to ok (action cont)
DBG 39708: Setting parseversion (parseversion) status to ok (action cont)
DBG 39708: pkg-config check librt for CFLAGS (): pkg-config --short-errors --cflags librt
DBG 39708: 'pkg-config --short-errors --cflags librt' failed: No package 'librt' found
DBG 39708: Setting librt_PKGCONFIG (librt_PKGCONFIG) status to failed (action cont)
DBG 39708: Check librt_PKGCONFIG (, action cont (originally cont)) failed: 'pkg-config --short-errors --cflags librt' failed:
No package 'librt' found
DBG 39708: librt: Check for static library (libs -lrt, arfile variable STATIC_LIB_librt=, static filenames )
DBG 39708: Compile check librt () (sub=0): gcc  -gstrict-dwarf -O2 -fPIC -Wall -Wsign-compare -Wfloat-equal -Wpointer-arith -Wcast-align -Wall -Werror _mkltmp2cr49h.c -o _mkltmp2cr49h.c.o  -L/Users/rohankumar/PycharmProjects/StreamingAnalytics/myapp/node_modules/node-rdkafka/build/deps -lrt
DBG 39708: compile check for librt () failed: gcc  -gstrict-dwarf -O2 -fPIC -Wall -Wsign-compare -Wfloat-equal -Wpointer-arith -Wcast-align -Wall -Werror _mkltmp2cr49h.c -o _mkltmp2cr49h.c.o  -L/Users/rohankumar/PycharmProjects/StreamingAnalytics/myapp/node_modules/node-rdkafka/build/deps -lrt: ld: library not found for -lrt
clang: error: linker command failed with exit code 1 (use -v to see invocation)
DBG 39708: Setting librt (librt) status to failed (action cont)
DBG 39708: Check librt (, action cont (originally cont)) failed: compile check failed:
CC: CC
flags: -lrt
gcc  -gstrict-dwarf -O2 -fPIC -Wall -Wsign-compare -Wfloat-equal -Wpointer-arith -Wcast-align -Wall -Werror _mkltmp2cr49h.c -o _mkltmp2cr49h.c.o  -L/Users/rohankumar/PycharmProjects/StreamingAnalytics/myapp/node_modules/node-rdkafka/build/deps -lrt:
ld: library not found for -lrt
clang: error: linker command failed with exit code 1 (use -v to see invocation)
source: 
DBG 39708: pkg-config check libpthread for CFLAGS (): pkg-config --short-errors --cflags libpthread
DBG 39708: 'pkg-config --short-errors --cflags libpthread' failed: No package 'libpthread' found
DBG 39708: Setting libpthread_PKGCONFIG (libpthread_PKGCONFIG) status to failed (action cont)
DBG 39708: Check libpthread_PKGCONFIG (, action cont (originally cont)) failed: 'pkg-config --short-errors --cflags libpthread' failed:
No package 'libpthread' found
DBG 39708: libpthread: Check for static library (libs -lpthread, arfile variable STATIC_LIB_libpthread=, static filenames )
DBG 39708: Compile check libpthread () (sub=0): gcc  -gstrict-dwarf -O2 -fPIC -Wall -Wsign-compare -Wfloat-equal -Wpointer-arith -Wcast-align -Wall -Werror _mkltmpIFUmt7.c -o _mkltmpIFUmt7.c.o  -L/Users/rohankumar/PycharmProjects/StreamingAnalytics/myapp/node_modules/node-rdkafka/build/deps -lpthread
DBG 39708: Setting libpthread (libpthread) status to ok (action fail)
DBG 39708: libpthread: from lib_check: LIBS: prepend -lpthread
DBG 39708: pkg-config check c11threads for CFLAGS (WITH_C11THREADS): pkg-config --short-errors --cflags c11threads
DBG 39708: 'pkg-config --short-errors --cflags c11threads' failed: No package 'c11threads' found
DBG 39708: Setting c11threads_PKGCONFIG (c11threads_PKGCONFIG) status to failed (action cont)
DBG 39708: Check c11threads_PKGCONFIG (, action cont (originally cont)) failed: 'pkg-config --short-errors --cflags c11threads' failed:
No package 'c11threads' found
DBG 39708: c11threads: Check for static library (libs -lpthread, arfile variable STATIC_LIB_c11threads=, static filenames )
DBG 39708: Compile check c11threads (WITH_C11THREADS) (sub=0): gcc  -gstrict-dwarf -O2 -fPIC -Wall -Wsign-compare -Wfloat-equal -Wpointer-arith -Wcast-align -Wall -Werror _mkltmpzT9LXJ.c -o _mkltmpzT9LXJ.c.o  -L/Users/rohankumar/PycharmProjects/StreamingAnalytics/myapp/node_modules/node-rdkafka/build/deps -lpthread
DBG 39708: compile check for c11threads (WITH_C11THREADS) failed: gcc  -gstrict-dwarf -O2 -fPIC -Wall -Wsign-compare -Wfloat-equal -Wpointer-arith -Wcast-align -Wall -Werror _mkltmpzT9LXJ.c -o _mkltmpzT9LXJ.c.o  -L/Users/rohankumar/PycharmProjects/StreamingAnalytics/myapp/node_modules/node-rdkafka/build/deps -lpthread: _mkltmpzT9LXJ.c:2:10: fatal error: 'threads.h' file not found
#include <threads.h>
         ^~~~~~~~~~~
1 error generated.
DBG 39708: Setting c11threads (c11threads) status to failed (action disable)
DBG 39708: Check c11threads (WITH_C11THREADS, action disable (originally disable)) failed: compile check failed:
CC: CC
flags: -lpthread
gcc  -gstrict-dwarf -O2 -fPIC -Wall -Wsign-compare -Wfloat-equal -Wpointer-arith -Wcast-align -Wall -Werror _mkltmpzT9LXJ.c -o _mkltmpzT9LXJ.c.o  -L/Users/rohankumar/PycharmProjects/StreamingAnalytics/myapp/node_modules/node-rdkafka/build/deps -lpthread:
_mkltmpzT9LXJ.c:2:10: fatal error: 'threads.h' file not found
#include <threads.h>
         ^~~~~~~~~~~
1 error generated.
source: 
#include <threads.h>


static int start_func (void *arg) {
   int iarg = *(int *)arg;
   return iarg;
}

void foo (void) {
    thrd_t thr;
    int arg = 1;
    if (thrd_create(&thr, start_func, (void *)&arg) != thrd_success) {
      ;
    }
}

DBG 39708: pkg-config check libdl for CFLAGS (WITH_LIBDL): pkg-config --short-errors --cflags libdl
DBG 39708: 'pkg-config --short-errors --cflags libdl' failed: No package 'libdl' found
DBG 39708: Setting libdl_PKGCONFIG (libdl_PKGCONFIG) status to failed (action cont)
DBG 39708: Check libdl_PKGCONFIG (, action cont (originally cont)) failed: 'pkg-config --short-errors --cflags libdl' failed:
No package 'libdl' found
DBG 39708: libdl: Check for static library (libs -ldl, arfile variable STATIC_LIB_libdl=, static filenames )
DBG 39708: Compile check libdl (WITH_LIBDL) (sub=0): gcc  -gstrict-dwarf -O2 -fPIC -Wall -Wsign-compare -Wfloat-equal -Wpointer-arith -Wcast-align -Wall -Werror _mkltmpQSap4a.c -o _mkltmpQSap4a.c.o  -L/Users/rohankumar/PycharmProjects/StreamingAnalytics/myapp/node_modules/node-rdkafka/build/deps -ldl
DBG 39708: Setting libdl (libdl) status to ok (action disable)
DBG 39708: libdl: from lib_check: LIBS: prepend -ldl
DBG 39708: pkg-config check zlib for CFLAGS (WITH_ZLIB): pkg-config --short-errors --cflags zlib
DBG 39708: pkg-config check zlib for LIBS (WITH_ZLIB): pkg-config --short-errors --libs zlib
DBG 39708: zlib: from pkg-config: CFLAGS '', LIBS '-ldl -lpthread'
DBG 39708: zlib: performing compile check using pkg-config info
DBG 39708: Compile check zlib (WITH_ZLIB) (sub=1): gcc  -gstrict-dwarf -O2 -fPIC -Wall -Wsign-compare -Wfloat-equal -Wpointer-arith -Wcast-align -Wall -Werror _mkltmp5ndU5T.c -o _mkltmp5ndU5T.c.o  -L/Users/rohankumar/PycharmProjects/StreamingAnalytics/myapp/node_modules/node-rdkafka/build/deps  -lz
DBG 39708: zlib: Check for static library (libs -lz, arfile variable STATIC_LIB_zlib=, static filenames libz.a)
DBG 39708: zlib: from pkg-config: LIBS: prepend -lz
DBG 39708: Setting zlib (zlib) status to ok (action cont)
DBG 39708: pkg-config check libcrypto for CFLAGS (): pkg-config --short-errors --cflags libcrypto
DBG 39708: pkg-config check libcrypto for LIBS (): pkg-config --short-errors --libs libcrypto
DBG 39708: libcrypto: from pkg-config: CFLAGS '', LIBS '-lz -ldl -lpthread'
DBG 39708: libcrypto: performing compile check using pkg-config info
DBG 39708: Compile check libcrypto () (sub=1): gcc  -gstrict-dwarf -O2 -fPIC -Wall -Wsign-compare -Wfloat-equal -Wpointer-arith -Wcast-align -Wall -Werror _mkltmpaoN136.c -o _mkltmpaoN136.c.o  -L/Users/rohankumar/PycharmProjects/StreamingAnalytics/myapp/node_modules/node-rdkafka/build/deps -I/usr/local/Cellar/openssl@1.1/1.1.1h/include -L/usr/local/Cellar/openssl@1.1/1.1.1h/lib -lcrypto
DBG 39708: libcrypto: Check for static library (libs -L/usr/local/Cellar/openssl@1.1/1.1.1h/lib -lcrypto, arfile variable STATIC_LIB_libcrypto=, static filenames libcrypto.a)
DBG 39708: libcrypto: from pkg-config: LIBS: prepend -L/usr/local/Cellar/openssl@1.1/1.1.1h/lib -lcrypto
DBG 39708: Setting libcrypto (libcrypto) status to ok (action cont)
DBG 39708: pkg-config check libssl for CFLAGS (WITH_SSL): pkg-config --short-errors --cflags libssl
DBG 39708: pkg-config check libssl for LIBS (WITH_SSL): pkg-config --short-errors --libs libssl
DBG 39708: libssl: from pkg-config: CFLAGS '-I/usr/local/Cellar/openssl@1.1/1.1.1h/include', LIBS '-L/usr/local/Cellar/openssl@1.1/1.1.1h/lib -lcrypto -lz -ldl -lpthread'
DBG 39708: libssl: performing compile check using pkg-config info
DBG 39708: Compile check libssl (WITH_SSL) (sub=1): gcc -I/usr/local/Cellar/openssl@1.1/1.1.1h/include -gstrict-dwarf -O2 -fPIC -Wall -Wsign-compare -Wfloat-equal -Wpointer-arith -Wcast-align -Wall -Werror _mkltmpsxrquQ.c -o _mkltmpsxrquQ.c.o  -L/Users/rohankumar/PycharmProjects/StreamingAnalytics/myapp/node_modules/node-rdkafka/build/deps -I/usr/local/Cellar/openssl@1.1/1.1.1h/include -L/usr/local/Cellar/openssl@1.1/1.1.1h/lib -lssl
DBG 39708: libssl: Check for static library (libs -L/usr/local/Cellar/openssl@1.1/1.1.1h/lib -lssl, arfile variable STATIC_LIB_libssl=, static filenames libssl.a)
DBG 39708: libssl: from pkg-config: LIBS: prepend -L/usr/local/Cellar/openssl@1.1/1.1.1h/lib -lssl
DBG 39708: Setting libssl (libssl) status to ok (action cont)
DBG 39708: pkg-config check libsasl2 for CFLAGS (WITH_SASL_CYRUS): pkg-config --short-errors --cflags libsasl2
DBG 39708: 'pkg-config --short-errors --cflags libsasl2' failed: No package 'libsasl2' found
DBG 39708: Setting libsasl2_PKGCONFIG (libsasl2_PKGCONFIG) status to failed (action cont)
DBG 39708: Check libsasl2_PKGCONFIG (, action cont (originally cont)) failed: 'pkg-config --short-errors --cflags libsasl2' failed:
No package 'libsasl2' found
DBG 39708: libsasl2: Check for static library (libs -lsasl2, arfile variable STATIC_LIB_libsasl2=, static filenames )
DBG 39708: Compile check libsasl2 (WITH_SASL_CYRUS) (sub=0): gcc -I/usr/local/Cellar/openssl@1.1/1.1.1h/include -I/usr/local/Cellar/openssl@1.1/1.1.1h/include -gstrict-dwarf -O2 -fPIC -Wall -Wsign-compare -Wfloat-equal -Wpointer-arith -Wcast-align -Wall -Werror _mkltmphhgtdD.c -o _mkltmphhgtdD.c.o  -L/Users/rohankumar/PycharmProjects/StreamingAnalytics/myapp/node_modules/node-rdkafka/build/deps -lsasl2
DBG 39708: Setting libsasl2 (libsasl2) status to ok (action disable)
DBG 39708: libsasl2: from lib_check: LIBS: prepend -lsasl2
DBG 39708: pkg-config check libzstd for CFLAGS (WITH_ZSTD): pkg-config --short-errors --cflags libzstd
DBG 39708: 'pkg-config --short-errors --cflags libzstd' failed: No package 'libzstd' found
DBG 39708: Setting libzstd_PKGCONFIG (libzstd_PKGCONFIG) status to failed (action cont)
DBG 39708: Check libzstd_PKGCONFIG (, action cont (originally cont)) failed: 'pkg-config --short-errors --cflags libzstd' failed:
No package 'libzstd' found
DBG 39708: libzstd: Check for static library (libs -lzstd, arfile variable STATIC_LIB_libzstd=, static filenames libzstd.a)
DBG 39708: Compile check libzstd (WITH_ZSTD) (sub=0): gcc -I/usr/local/Cellar/openssl@1.1/1.1.1h/include -I/usr/local/Cellar/openssl@1.1/1.1.1h/include -gstrict-dwarf -O2 -fPIC -Wall -Wsign-compare -Wfloat-equal -Wpointer-arith -Wcast-align -Wall -Werror _mkltmpUbPkv9.c -o _mkltmpUbPkv9.c.o  -L/Users/rohankumar/PycharmProjects/StreamingAnalytics/myapp/node_modules/node-rdkafka/build/deps -lzstd
DBG 39708: compile check for libzstd (WITH_ZSTD) failed: gcc -I/usr/local/Cellar/openssl@1.1/1.1.1h/include -I/usr/local/Cellar/openssl@1.1/1.1.1h/include -gstrict-dwarf -O2 -fPIC -Wall -Wsign-compare -Wfloat-equal -Wpointer-arith -Wcast-align -Wall -Werror _mkltmpUbPkv9.c -o _mkltmpUbPkv9.c.o  -L/Users/rohankumar/PycharmProjects/StreamingAnalytics/myapp/node_modules/node-rdkafka/build/deps -lzstd: _mkltmpUbPkv9.c:2:10: fatal error: 'zstd.h' file not found
#include <zstd.h>
         ^~~~~~~~
1 error generated.
DBG 39708: Setting libzstd (libzstd) status to failed (action disable)
DBG 39708: Check libzstd (WITH_ZSTD, action disable (originally disable)) failed: compile check failed:
CC: CC
flags: -lzstd
gcc -I/usr/local/Cellar/openssl@1.1/1.1.1h/include -I/usr/local/Cellar/openssl@1.1/1.1.1h/include -gstrict-dwarf -O2 -fPIC -Wall -Wsign-compare -Wfloat-equal -Wpointer-arith -Wcast-align -Wall -Werror _mkltmpUbPkv9.c -o _mkltmpUbPkv9.c.o  -L/Users/rohankumar/PycharmProjects/StreamingAnalytics/myapp/node_modules/node-rdkafka/build/deps -lzstd:
_mkltmpUbPkv9.c:2:10: fatal error: 'zstd.h' file not found
#include <zstd.h>
         ^~~~~~~~
1 error generated.
source: 
#include <zstd.h>
#include <zstd_errors.h>

void foo (void) {
     ZSTD_getFrameContentSize(NULL, 0);
}

DBG 39708: pkg-config check libm for CFLAGS (): pkg-config --short-errors --cflags libm
DBG 39708: 'pkg-config --short-errors --cflags libm' failed: No package 'libm' found
DBG 39708: Setting libm_PKGCONFIG (libm_PKGCONFIG) status to failed (action cont)
DBG 39708: Check libm_PKGCONFIG (, action cont (originally cont)) failed: 'pkg-config --short-errors --cflags libm' failed:
No package 'libm' found
DBG 39708: libm: Check for static library (libs -lm, arfile variable STATIC_LIB_libm=, static filenames )
DBG 39708: Compile check libm () (sub=0): gcc -I/usr/local/Cellar/openssl@1.1/1.1.1h/include -I/usr/local/Cellar/openssl@1.1/1.1.1h/include -gstrict-dwarf -O2 -fPIC -Wall -Wsign-compare -Wfloat-equal -Wpointer-arith -Wcast-align -Wall -Werror _mkltmpScgS5l.c -o _mkltmpScgS5l.c.o  -L/Users/rohankumar/PycharmProjects/StreamingAnalytics/myapp/node_modules/node-rdkafka/build/deps -lm
DBG 39708: Setting libm (libm) status to ok (action disable)
DBG 39708: libm: from lib_check: LIBS: prepend -lm
DBG 39708: pkg-config check liblz4 for CFLAGS (WITH_LZ4_EXT): pkg-config --short-errors --cflags liblz4
DBG 39708: 'pkg-config --short-errors --cflags liblz4' failed: No package 'liblz4' found
DBG 39708: Setting liblz4_PKGCONFIG (liblz4_PKGCONFIG) status to failed (action cont)
DBG 39708: Check liblz4_PKGCONFIG (, action cont (originally cont)) failed: 'pkg-config --short-errors --cflags liblz4' failed:
No package 'liblz4' found
DBG 39708: liblz4: Check for static library (libs -llz4, arfile variable STATIC_LIB_liblz4=, static filenames liblz4.a)
DBG 39708: Compile check liblz4 (WITH_LZ4_EXT) (sub=0): gcc -I/usr/local/Cellar/openssl@1.1/1.1.1h/include -I/usr/local/Cellar/openssl@1.1/1.1.1h/include -gstrict-dwarf -O2 -fPIC -Wall -Wsign-compare -Wfloat-equal -Wpointer-arith -Wcast-align -Wall -Werror _mkltmpc8AA3B.c -o _mkltmpc8AA3B.c.o  -L/Users/rohankumar/PycharmProjects/StreamingAnalytics/myapp/node_modules/node-rdkafka/build/deps -llz4
DBG 39708: compile check for liblz4 (WITH_LZ4_EXT) failed: gcc -I/usr/local/Cellar/openssl@1.1/1.1.1h/include -I/usr/local/Cellar/openssl@1.1/1.1.1h/include -gstrict-dwarf -O2 -fPIC -Wall -Wsign-compare -Wfloat-equal -Wpointer-arith -Wcast-align -Wall -Werror _mkltmpc8AA3B.c -o _mkltmpc8AA3B.c.o  -L/Users/rohankumar/PycharmProjects/StreamingAnalytics/myapp/node_modules/node-rdkafka/build/deps -llz4: _mkltmpc8AA3B.c:1:10: fatal error: 'lz4frame.h' file not found
#include <lz4frame.h>
         ^~~~~~~~~~~~
1 error generated.
DBG 39708: Setting liblz4 (liblz4) status to failed (action disable)
DBG 39708: Check liblz4 (WITH_LZ4_EXT, action disable (originally disable)) failed: compile check failed:
CC: CC
flags: -llz4
gcc -I/usr/local/Cellar/openssl@1.1/1.1.1h/include -I/usr/local/Cellar/openssl@1.1/1.1.1h/include -gstrict-dwarf -O2 -fPIC -Wall -Wsign-compare -Wfloat-equal -Wpointer-arith -Wcast-align -Wall -Werror _mkltmpc8AA3B.c -o _mkltmpc8AA3B.c.o  -L/Users/rohankumar/PycharmProjects/StreamingAnalytics/myapp/node_modules/node-rdkafka/build/deps -llz4:
_mkltmpc8AA3B.c:1:10: fatal error: 'lz4frame.h' file not found
#include <lz4frame.h>
         ^~~~~~~~~~~~
1 error generated.
source: #include <lz4frame.h>
DBG 39708: Compile check rapidjson (WITH_RAPIDJSON) (sub=0): g++  -gstrict-dwarf -O2 -fPIC -Wall -Wsign-compare -Wfloat-equal -Wpointer-arith -Wcast-align -Wall -Werror _mkltmpF2bWoL.cpp -o _mkltmpF2bWoL.cpp.o  -L/Users/rohankumar/PycharmProjects/StreamingAnalytics/myapp/node_modules/node-rdkafka/build/deps 
DBG 39708: compile check for rapidjson (WITH_RAPIDJSON) failed: g++  -gstrict-dwarf -O2 -fPIC -Wall -Wsign-compare -Wfloat-equal -Wpointer-arith -Wcast-align -Wall -Werror _mkltmpF2bWoL.cpp -o _mkltmpF2bWoL.cpp.o  -L/Users/rohankumar/PycharmProjects/StreamingAnalytics/myapp/node_modules/node-rdkafka/build/deps : _mkltmpF2bWoL.cpp:1:10: fatal error: 'rapidjson/schema.h' file not found
#include <rapidjson/schema.h>
         ^~~~~~~~~~~~~~~~~~~~
1 error generated.
DBG 39708: Setting rapidjson (rapidjson) status to failed (action disable)
DBG 39708: Check rapidjson (WITH_RAPIDJSON, action disable (originally disable)) failed: compile check failed:
CC: CXX
flags: 
g++  -gstrict-dwarf -O2 -fPIC -Wall -Wsign-compare -Wfloat-equal -Wpointer-arith -Wcast-align -Wall -Werror _mkltmpF2bWoL.cpp -o _mkltmpF2bWoL.cpp.o  -L/Users/rohankumar/PycharmProjects/StreamingAnalytics/myapp/node_modules/node-rdkafka/build/deps :
_mkltmpF2bWoL.cpp:1:10: fatal error: 'rapidjson/schema.h' file not found
#include <rapidjson/schema.h>
         ^~~~~~~~~~~~~~~~~~~~
1 error generated.
source: #include <rapidjson/schema.h>
DBG 39708: Compile check crc32chw (WITH_CRC32C_HW) (sub=0): gcc -I/usr/local/Cellar/openssl@1.1/1.1.1h/include -I/usr/local/Cellar/openssl@1.1/1.1.1h/include -gstrict-dwarf -O2 -fPIC -Wall -Wsign-compare -Wfloat-equal -Wpointer-arith -Wcast-align -Wall -Werror _mkltmpn4owYk.c -o _mkltmpn4owYk.c.o  -L/Users/rohankumar/PycharmProjects/StreamingAnalytics/myapp/node_modules/node-rdkafka/build/deps 
DBG 39708: Setting crc32chw (crc32chw) status to ok (action disable)
DBG 39708: Compile check regex (HAVE_REGEX) (sub=0): gcc -I/usr/local/Cellar/openssl@1.1/1.1.1h/include -I/usr/local/Cellar/openssl@1.1/1.1.1h/include -gstrict-dwarf -O2 -fPIC -Wall -Wsign-compare -Wfloat-equal -Wpointer-arith -Wcast-align -Wall -Werror _mkltmpEna67o.c -o _mkltmpEna67o.c.o  -L/Users/rohankumar/PycharmProjects/StreamingAnalytics/myapp/node_modules/node-rdkafka/build/deps 
DBG 39708: Setting regex (regex) status to ok (action disable)
DBG 39708: Compile check strndup (HAVE_STRNDUP) (sub=0): gcc -I/usr/local/Cellar/openssl@1.1/1.1.1h/include -I/usr/local/Cellar/openssl@1.1/1.1.1h/include -gstrict-dwarf -O2 -fPIC -Wall -Wsign-compare -Wfloat-equal -Wpointer-arith -Wcast-align -Wall -Werror _mkltmpnZuVjP.c -o _mkltmpnZuVjP.c.o  -L/Users/rohankumar/PycharmProjects/StreamingAnalytics/myapp/node_modules/node-rdkafka/build/deps 
DBG 39708: Setting strndup (strndup) status to ok (action disable)
DBG 39708: Compile check strlcpy (HAVE_STRLCPY) (sub=0): gcc -I/usr/local/Cellar/openssl@1.1/1.1.1h/include -I/usr/local/Cellar/openssl@1.1/1.1.1h/include -gstrict-dwarf -O2 -fPIC -Wall -Wsign-compare -Wfloat-equal -Wpointer-arith -Wcast-align -Wall -Werror _mkltmpfjEg4c.c -o _mkltmpfjEg4c.c.o  -L/Users/rohankumar/PycharmProjects/StreamingAnalytics/myapp/node_modules/node-rdkafka/build/deps 
DBG 39708: Setting strlcpy (strlcpy) status to ok (action disable)
DBG 39708: Compile check strerror_r (HAVE_STRERROR_R) (sub=0): gcc -I/usr/local/Cellar/openssl@1.1/1.1.1h/include -I/usr/local/Cellar/openssl@1.1/1.1.1h/include -gstrict-dwarf -O2 -fPIC -Wall -Wsign-compare -Wfloat-equal -Wpointer-arith -Wcast-align -Wall -Werror _mkltmpH2qVKG.c -o _mkltmpH2qVKG.c.o  -L/Users/rohankumar/PycharmProjects/StreamingAnalytics/myapp/node_modules/node-rdkafka/build/deps 
DBG 39708: Setting strerror_r (strerror_r) status to ok (action disable)
DBG 39708: Compile check pthread_setname_gnu (HAVE_PTHREAD_SETNAME_GNU) (sub=0): gcc -I/usr/local/Cellar/openssl@1.1/1.1.1h/include -I/usr/local/Cellar/openssl@1.1/1.1.1h/include -gstrict-dwarf -O2 -fPIC -Wall -Wsign-compare -Wfloat-equal -Wpointer-arith -Wcast-align -Wall -Werror _mkltmpmgcASn.c -o _mkltmpmgcASn.c.o  -L/Users/rohankumar/PycharmProjects/StreamingAnalytics/myapp/node_modules/node-rdkafka/build/deps -D_GNU_SOURCE -lpthread
DBG 39708: compile check for pthread_setname_gnu (HAVE_PTHREAD_SETNAME_GNU) failed: gcc -I/usr/local/Cellar/openssl@1.1/1.1.1h/include -I/usr/local/Cellar/openssl@1.1/1.1.1h/include -gstrict-dwarf -O2 -fPIC -Wall -Wsign-compare -Wfloat-equal -Wpointer-arith -Wcast-align -Wall -Werror _mkltmpmgcASn.c -o _mkltmpmgcASn.c.o  -L/Users/rohankumar/PycharmProjects/StreamingAnalytics/myapp/node_modules/node-rdkafka/build/deps -D_GNU_SOURCE -lpthread: _mkltmpmgcASn.c:5:38: error: too many arguments to function call, expected 1, have 2
  pthread_setname_np(pthread_self(), "abc");
  ~~~~~~~~~~~~~~~~~~                 ^~~~~
/Library/Developer/CommandLineTools/SDKs/MacOSX.sdk/usr/include/pthread.h:509:1: note: 'pthread_setname_np' declared here
__API_AVAILABLE(macos(10.6), ios(3.2))
^
/Library/Developer/CommandLineTools/SDKs/MacOSX.sdk/usr/include/Availability.h:381:162: note: expanded from macro '__API_AVAILABLE'
    #define __API_AVAILABLE(...) __API_AVAILABLE_GET_MACRO(__VA_ARGS__,__API_AVAILABLE7, __API_AVAILABLE6, __API_AVAILABLE5, __API_AVAILABLE4, __API_AVAILABLE3, __API_AVAILABLE2, __API_AVAILABLE1, 0)(__VA_ARGS__)
                                                                                                                                                                 ^
1 error generated.
DBG 39708: Setting pthread_setname_gnu (pthread_setname_gnu) status to failed (action disable)
DBG 39708: Check pthread_setname_gnu (HAVE_PTHREAD_SETNAME_GNU, action disable (originally disable)) failed: compile check failed:
CC: CC
flags: -D_GNU_SOURCE -lpthread
gcc -I/usr/local/Cellar/openssl@1.1/1.1.1h/include -I/usr/local/Cellar/openssl@1.1/1.1.1h/include -gstrict-dwarf -O2 -fPIC -Wall -Wsign-compare -Wfloat-equal -Wpointer-arith -Wcast-align -Wall -Werror _mkltmpmgcASn.c -o _mkltmpmgcASn.c.o  -L/Users/rohankumar/PycharmProjects/StreamingAnalytics/myapp/node_modules/node-rdkafka/build/deps -D_GNU_SOURCE -lpthread:
_mkltmpmgcASn.c:5:38: error: too many arguments to function call, expected 1, have 2
  pthread_setname_np(pthread_self(), "abc");
  ~~~~~~~~~~~~~~~~~~                 ^~~~~
/Library/Developer/CommandLineTools/SDKs/MacOSX.sdk/usr/include/pthread.h:509:1: note: 'pthread_setname_np' declared here
__API_AVAILABLE(macos(10.6), ios(3.2))
^
/Library/Developer/CommandLineTools/SDKs/MacOSX.sdk/usr/include/Availability.h:381:162: note: expanded from macro '__API_AVAILABLE'
    #define __API_AVAILABLE(...) __API_AVAILABLE_GET_MACRO(__VA_ARGS__,__API_AVAILABLE7, __API_AVAILABLE6, __API_AVAILABLE5, __API_AVAILABLE4, __API_AVAILABLE3, __API_AVAILABLE2, __API_AVAILABLE1, 0)(__VA_ARGS__)
                                                                                                                                                                 ^
1 error generated.
source: 
#include <pthread.h>

void foo (void) {
  pthread_setname_np(pthread_self(), "abc");
}

DBG 39708: Compile check pthread_setname_darwin (HAVE_PTHREAD_SETNAME_DARWIN) (sub=0): gcc -I/usr/local/Cellar/openssl@1.1/1.1.1h/include -I/usr/local/Cellar/openssl@1.1/1.1.1h/include -gstrict-dwarf -O2 -fPIC -Wall -Wsign-compare -Wfloat-equal -Wpointer-arith -Wcast-align -Wall -Werror _mkltmpgZaAay.c -o _mkltmpgZaAay.c.o  -L/Users/rohankumar/PycharmProjects/StreamingAnalytics/myapp/node_modules/node-rdkafka/build/deps -D_DARWIN_C_SOURCE -lpthread
DBG 39708: Setting pthread_setname_darwin (pthread_setname_darwin) status to ok (action disable)
DBG 39708: Setting nm (nm) status to ok (action cont)
DBG 39708: Compile check getrusage (HAVE_GETRUSAGE) (sub=0): gcc -I/usr/local/Cellar/openssl@1.1/1.1.1h/include -I/usr/local/Cellar/openssl@1.1/1.1.1h/include -gstrict-dwarf -O2 -fPIC -Wall -Wsign-compare -Wfloat-equal -Wpointer-arith -Wcast-align -Wall -Werror _mkltmpOcY3ak.c -o _mkltmpOcY3ak.c.o  -L/Users/rohankumar/PycharmProjects/StreamingAnalytics/myapp/node_modules/node-rdkafka/build/deps 
DBG 39708: Setting getrusage (getrusage) status to ok (action disable)
